#
# There is insufficient memory for the Java Runtime Environment to continue.
# Native memory allocation (mmap) failed to map 268435456 bytes for Failed to commit area from 0x0000000701e00000 to 0x0000000711e00000 of length 268435456.
# Possible reasons:
#   The system is out of physical RAM or swap space
#   The process is running with CompressedOops enabled, and the Java Heap may be blocking the growth of the native heap
# Possible solutions:
#   Reduce memory load on the system
#   Increase physical memory or swap space
#   Check if swap backing store is full
#   Decrease Java heap size (-Xmx/-Xms)
#   Decrease number of Java threads
#   Decrease Java thread stack sizes (-Xss)
#   Set larger code cache with -XX:ReservedCodeCacheSize=
#   JVM is running with Zero Based Compressed Oops mode in which the Java heap is
#     placed in the first 32GB address space. The Java Heap base address is the
#     maximum limit for the native heap growth. Please use -XX:HeapBaseMinAddress
#     to set the Java Heap base and to place the Java Heap above 32GB virtual address.
# This output file may be truncated or incomplete.
#
#  Out of Memory Error (./open/src/hotspot/os/windows/os_windows.cpp:3315), pid=15668, tid=2124
#
# JRE version:  (14.0.2+12) (build )
# Java VM: Java HotSpot(TM) 64-Bit Server VM (14.0.2+12-46, mixed mode, sharing, tiered, compressed oops, g1 gc, windows-amd64)
# No core dump will be written. Minidumps are not enabled by default on client versions of Windows
#

---------------  S U M M A R Y ------------

Command Line: -Dfile.encoding=Cp1252 application.Application

Host: Intel(R) Core(TM) i7-8550U CPU @ 1.80GHz, 8 cores, 15G,  Windows 10 , 64 bit Build 19041 (10.0.19041.928)
Time: Sun Apr 25 23:25:45 2021 SE Asia Standard Time elapsed time: 0 seconds (0d 0h 0m 0s)

---------------  T H R E A D  ---------------

Current thread (0x00000277efb98000):  JavaThread "Unknown thread" [_thread_in_vm, id=2124, stack(0x000000dc90100000,0x000000dc90200000)]

Stack: [0x000000dc90100000,0x000000dc90200000]
Native frames: (J=compiled Java code, j=interpreted, Vv=VM code, C=native code)
V  [jvm.dll+0x5f8a9a]
V  [jvm.dll+0x74247a]
V  [jvm.dll+0x743c2f]
V  [jvm.dll+0x744273]
V  [jvm.dll+0x20d288]
V  [jvm.dll+0x5f5dea]
V  [jvm.dll+0x5eac45]
V  [jvm.dll+0x2c7e9c]
V  [jvm.dll+0x2c7cd2]
V  [jvm.dll+0x2cdbbc]
V  [jvm.dll+0x313fe8]
V  [jvm.dll+0x313710]
V  [jvm.dll+0x2a092a]
V  [jvm.dll+0x2a1a79]
V  [jvm.dll+0x71fd48]
V  [jvm.dll+0x321c14]
V  [jvm.dll+0x70112c]
V  [jvm.dll+0x392def]
V  [jvm.dll+0x394e61]
C  [jli.dll+0x524b]
C  [ucrtbase.dll+0x21bb2]
C  [KERNEL32.DLL+0x17034]
C  [ntdll.dll+0x52651]


---------------  P R O C E S S  ---------------

Threads class SMR info:
_java_thread_list=0x00007ffe779e3038, length=0, elements={
}

Java Threads: ( => current thread )

Other Threads:
  0x00000277efc03000 GCTaskThread "GC Thread#0" [stack: 0x000000dc90200000,0x000000dc90300000] [id=22448]
  0x00000277efc25000 ConcurrentGCThread "G1 Main Marker" [stack: 0x000000dc90300000,0x000000dc90400000] [id=21760]
  0x00000277efc26000 ConcurrentGCThread "G1 Conc#0" [stack: 0x000000dc90400000,0x000000dc90500000] [id=21392]

[error occurred during error reporting (printing all threads), id 0xc0000005, EXCEPTION_ACCESS_VIOLATION (0xc0000005) at pc=0x00007ffe77211257]

VM state:not at safepoint (not fully initialized)

VM Mutex/Monitor currently owned by a thread:  ([mutex/lock_event])
[0x00000277efb92e50] Heap_lock - owner thread: 0x00000277efb98000

Heap address: 0x0000000701e00000, size: 4066 MB, Compressed Oops mode: Zero based, Oop shift amount: 3
Narrow klass base: 0x0000000000000000, Narrow klass shift: 0

GC Heap History (0 events):
No events

Deoptimization events (0 events):
No events

Classes unloaded (0 events):
No events

Classes redefined (0 events):
No events

Internal exceptions (0 events):
No events

Events (2 events):
Event: 0.004 Loaded shared library C:\Program Files\Java\jdk-14.0.2\bin\java.dll
Event: 0.004 Loaded shared library C:\Program Files\Java\jdk-14.0.2\bin\zip.dll


Dynamic libraries:
0x00007ff64b530000 - 0x00007ff64b53f000 	C:\Program Files\Java\jdk-14.0.2\bin\javaw.exe
0x00007ffec2750000 - 0x00007ffec2945000 	C:\WINDOWS\SYSTEM32\ntdll.dll
0x00007ffec1480000 - 0x00007ffec153d000 	C:\WINDOWS\System32\KERNEL32.DLL
0x00007ffec0040000 - 0x00007ffec0308000 	C:\WINDOWS\System32\KERNELBASE.dll
0x00007ffec0520000 - 0x00007ffec0620000 	C:\WINDOWS\System32\ucrtbase.dll
0x00007ffebab60000 - 0x00007ffebab75000 	C:\Program Files\Java\jdk-14.0.2\bin\VCRUNTIME140.dll
0x00007ffeaf400000 - 0x00007ffeaf418000 	C:\Program Files\Java\jdk-14.0.2\bin\jli.dll
0x00007ffec12a0000 - 0x00007ffec134c000 	C:\WINDOWS\System32\ADVAPI32.dll
0x00007ffec1930000 - 0x00007ffec19ce000 	C:\WINDOWS\System32\msvcrt.dll
0x00007ffec0b00000 - 0x00007ffec0b9b000 	C:\WINDOWS\System32\sechost.dll
0x00007ffec1350000 - 0x00007ffec147b000 	C:\WINDOWS\System32\RPCRT4.dll
0x00007ffec0c60000 - 0x00007ffec0e00000 	C:\WINDOWS\System32\USER32.dll
0x00007ffec0370000 - 0x00007ffec0392000 	C:\WINDOWS\System32\win32u.dll
0x00007ffea2620000 - 0x00007ffea28ba000 	C:\WINDOWS\WinSxS\amd64_microsoft.windows.common-controls_6595b64144ccf1df_6.0.19041.844_none_ca00b6081b84eb1d\COMCTL32.dll
0x00007ffec1270000 - 0x00007ffec129a000 	C:\WINDOWS\System32\GDI32.dll
0x00007ffec0620000 - 0x00007ffec072b000 	C:\WINDOWS\System32\gdi32full.dll
0x00007ffec0450000 - 0x00007ffec04ed000 	C:\WINDOWS\System32\msvcp_win.dll
0x00007ffeb96c0000 - 0x00007ffeb96ca000 	C:\WINDOWS\SYSTEM32\VERSION.dll
0x00007ffec0a10000 - 0x00007ffec0a40000 	C:\WINDOWS\System32\IMM32.DLL
0x00007ffe9d5d0000 - 0x00007ffe9d66b000 	C:\Program Files\Java\jdk-14.0.2\bin\msvcp140.dll
0x00007ffe76f60000 - 0x00007ffe77a7e000 	C:\Program Files\Java\jdk-14.0.2\bin\server\jvm.dll
0x00007ffec2700000 - 0x00007ffec2708000 	C:\WINDOWS\System32\PSAPI.DLL
0x00007ffead190000 - 0x00007ffead199000 	C:\WINDOWS\SYSTEM32\WSOCK32.dll
0x00007ffeb00a0000 - 0x00007ffeb00c7000 	C:\WINDOWS\SYSTEM32\WINMM.dll
0x00007ffec2220000 - 0x00007ffec228b000 	C:\WINDOWS\System32\WS2_32.dll
0x00007ffebe750000 - 0x00007ffebe762000 	C:\WINDOWS\SYSTEM32\kernel.appcore.dll
0x00007ffebab30000 - 0x00007ffebab3a000 	C:\Program Files\Java\jdk-14.0.2\bin\jimage.dll
0x00007ffebd470000 - 0x00007ffebd654000 	C:\WINDOWS\SYSTEM32\DBGHELP.DLL
0x00007ffeacbb0000 - 0x00007ffeacbdc000 	C:\WINDOWS\SYSTEM32\dbgcore.DLL
0x00007ffec0730000 - 0x00007ffec07b0000 	C:\WINDOWS\System32\bcryptPrimitives.dll
0x00007ffe987c0000 - 0x00007ffe987e5000 	C:\Program Files\Java\jdk-14.0.2\bin\java.dll
0x00007ffeba330000 - 0x00007ffeba346000 	C:\Program Files\Java\jdk-14.0.2\bin\zip.dll

dbghelp: loaded successfully - version: 4.0.5 - missing functions: none
symbol engine: initialized successfully - sym options: 0x614 - pdb path: .;C:\Program Files\Java\jdk-14.0.2\bin;C:\WINDOWS\SYSTEM32;C:\WINDOWS\WinSxS\amd64_microsoft.windows.common-controls_6595b64144ccf1df_6.0.19041.844_none_ca00b6081b84eb1d;C:\Program Files\Java\jdk-14.0.2\bin\server

VM Arguments:
jvm_args: -Dfile.encoding=Cp1252 
java_command: application.Application
java_class_path (initial): C:\Users\Rith NHEL\eclipse-workspace\RentalCarManagerment\bin;C:\Users\Rith NHEL\eclipse-workspace\RentalCarManagerment\mysql-connector-java-8.0.23.jar
Launcher Type: SUN_STANDARD

[Global flags]
     intx CICompilerCount                          = 4                                         {product} {ergonomic}
     uint ConcGCThreads                            = 2                                         {product} {ergonomic}
     uint G1ConcRefinementThreads                  = 8                                         {product} {ergonomic}
   size_t G1HeapRegionSize                         = 1048576                                   {product} {ergonomic}
    uintx GCDrainStackTargetSize                   = 64                                        {product} {ergonomic}
   size_t InitialHeapSize                          = 268435456                                 {product} {ergonomic}
   size_t MarkStackSize                            = 4194304                                   {product} {ergonomic}
   size_t MaxHeapSize                              = 4263510016                                {product} {ergonomic}
   size_t MinHeapDeltaBytes                        = 1048576                                   {product} {ergonomic}
   size_t MinHeapSize                              = 8388608                                   {product} {ergonomic}
    uintx NonNMethodCodeHeapSize                   = 5839372                                {pd product} {ergonomic}
    uintx NonProfiledCodeHeapSize                  = 122909434                              {pd product} {ergonomic}
    uintx ProfiledCodeHeapSize                     = 122909434                              {pd product} {ergonomic}
    uintx ReservedCodeCacheSize                    = 251658240                              {pd product} {ergonomic}
     bool SegmentedCodeCache                       = true                                      {product} {ergonomic}
   size_t SoftMaxHeapSize                          = 4263510016                             {manageable} {ergonomic}
     bool UseCompressedClassPointers               = true                                 {lp64_product} {ergonomic}
     bool UseCompressedOops                        = true                                 {lp64_product} {ergonomic}
     bool UseG1GC                                  = true                                      {product} {ergonomic}
     bool UseLargePagesIndividualAllocation        = false                                  {pd product} {ergonomic}

Logging:
Log output configuration:
 #0: stdout all=warning uptime,level,tags
 #1: stderr all=off uptime,level,tags

Environment Variables:
PATH=C:/Program Files/Java/jdk-14.0.2/bin/server;C:/Program Files/Java/jdk-14.0.2/bin;C:\WINDOWS\system32;C:\WINDOWS;C:\WINDOWS\System32\Wbem;C:\WINDOWS\System32\WindowsPowerShell\v1.0\;C:\WINDOWS\System32\OpenSSH\;C:\Program Files\Intel\WiFi\bin\;C:\Program Files\Common Files\Intel\WirelessCommon\;C:\Program Files\Git\cmd;C:\Users\Rith NHEL\AppData\Roaming\npm\node_modules\typescript\bin;C:\Users\Rith NHEL\AppData\Roaming\npm;C:\Users\Rith NHEL\AppData\Roaming\npm\node_modules\typescript\lib;C:\Program Files\nodejs\;C:\ProgramData\chocolatey\bin;C:\Program Files\Redis\;C:\xampp\php;C:\composer;C:\Users\Rith NHEL\AppData\Local\Microsoft\WindowsApps;C:\Program Files\JetBrains\WebStorm 2021.1\bin;;C:\Users\Rith NHEL\AppData\Local\Programs\Microsoft VS Code\bin;C:\Users\Rith NHEL\AppData\Roaming\npm\node_modules\ts-node\dist;C:\Users\Rith NHEL\AppData\Roaming\npm;C:\Users\Rith NHEL\AppData\Roaming\Composer\vendor\bin;C:\tools\dart-sdk\bin;C:\Users\Rith NHEL\AppData\Roaming\Pub\Cache\bin;C:\Program Files\Java\jdk-14.0.2\bin;;C:\WINDOWS\system32;
USERNAME=virak.ran
OS=Windows_NT
PROCESSOR_IDENTIFIER=Intel64 Family 6 Model 142 Stepping 10, GenuineIntel



---------------  S Y S T E M  ---------------

OS: Windows 10 , 64 bit Build 19041 (10.0.19041.928)
OS uptime: 1 days 8:15 hours
HyperV virtualization detected

CPU:total 8 (initial active 8) (4 cores per cpu, 2 threads per core) family 6 model 142 stepping 10, cmov, cx8, fxsr, mmx, sse, sse2, sse3, ssse3, sse4.1, sse4.2, popcnt, avx, avx2, aes, clmul, erms, 3dnowpref, lzcnt, ht, tsc, tscinvbit, bmi1, bmi2, adx, fma

Memory: 4k page, system-wide physical 16262M (7964M free)
TotalPageFile size 38412M (AvailPageFile size 5M)
current process WorkingSet (physical memory assigned to process): 10M, peak: 10M
current process commit charge ("private bytes"): 61M, peak: 316M

vm_info: Java HotSpot(TM) 64-Bit Server VM (14.0.2+12-46) for windows-amd64 JRE (14.0.2+12-46), built on Jul  9 2020 00:35:52 by "mach5one" with MS VC++ 15.9 (VS2017)

END.
